********************************************************************************
DUPLICATOR-LITE PACKAGE-LOG: 8. August 2018 6:43
NOTICE: Do NOT post to public sites or forums 
********************************************************************************
VERSION:	1.2.38
WORDPRESS:	4.9.6
PHP INFO:	7.2.1 | SAPI: apache2handler
SERVER:		Apache/2.2.34 (Unix) mod_wsgi/3.5 Python/2.7.13 PHP/7.2.1 mod_ssl/2.2.34 OpenSSL/1.0.2j DAV/2 mod_fastcgi/2.4.6 mod_perl/2.0.9 Perl/v5.24.0 
PHP TIME LIMIT: (0) no time limit imposed 
PHP MAX MEMORY: 2048M (128M default) 
MEMORY STACK: 4MB 

********************************************************************************
DATABASE:
********************************************************************************
BUILD MODE:   PHP(query limit - 100)
MYSQLTIMEOUT: 5000
MYSQLDUMP:    Not Supported 
TABLES: total:13 | filtered:0 | create:13 
FILTERED: [] 
SQL CREATED: 20180808_bleiimmobilienverwaltung_f90dbb96fd8c88599109180808064323_database.sql 
SQL FILE SIZE: 7.81MB (8184841) 
SQL FILE TIME: 2018-08-08 06:43:42 
SQL RUNTIME: 16.97 sec. 

******************************************************************************** 
ARCHIVE (ZIP): 
******************************************************************************** 
ARCHIVE DIR:  /Users/david/Documents/Seide&Witz/Thomas_Blei/04_web/06_github/ThomasBlei/wordpress 
ARCHIVE FILE: 20180808_bleiimmobilienverwaltung_f90dbb96fd8c88599109180808064323_archive.zip 
FILTERS: *OFF* 
DIRS:
	not set 
FILES:
	not set 
EXTS:  not set 
---------------------------------------- 
COMPRESSING 
SIZE:	54.15MB 
STATS:	Dirs 334 | Files 2,994 
SQL ADDED: 20180808_bleiimmobilienverwaltung_f90dbb96fd8c88599109180808064323_database.sql 
ZipArchive Object
(
    [status] => 0
    [statusSys] => 0
    [numFiles] => 3328
    [filename] => /Users/david/Documents/Seide&Witz/Thomas_Blei/04_web/06_github/ThomasBlei/wordpress/wp-snapshots/tmp/20180808_bleiimmobilienverwaltung_f90dbb96fd8c88599109180808064323_archive.zip
    [comment] => 
)
 
COMPRESSION RESULT: '1' 
COMPRESSED SIZE: 21.11MB 
ARCHIVE RUNTIME: 5.26 sec. 
MEMORY STACK: 6MB 

******************************************************************************** 
MAKE INSTALLER: 
******************************************************************************** 
Build Start 
Build Finished 
Preping for use 
PACK SIZE:  
Template parsed with new data 
Complete [/Users/david/Documents/Seide&Witz/Thomas_Blei/04_web/06_github/ThomasBlei/wordpress/wp-snapshots/tmp/20180808_bleiimmobilienverwaltung_f90dbb96fd8c88599109180808064323_installer.php] 
Added to archive 

******************************************************************************** 
INTEGRITY CHECKS: 
******************************************************************************** 
SQL File: 7.81MB 
Installer File: 445.97KB 
Archive File: 21.11MB  

********************************************************************************
RECORD ID:[2]
TOTAL PROCESS RUNTIME: 23.02 sec.
PEAK PHP MEMORY USED: 8MB
DONE PROCESSING => 20180808_bleiimmobilienverwaltung 8. August 2018 6:43
 
